2023-06-20T06:21:09+00:00 ERROR Authentication failed
2023-06-20T06:29:51+00:00 ERROR Authentication failed
2023-06-20T06:29:53+00:00 ERROR Authentication failed
2023-06-20T06:29:55+00:00 ERROR Authentication failed
2023-06-20T06:29:58+00:00 ERROR Authentication failed
2023-06-20T06:30:06+00:00 ERROR Authentication failed
2023-06-20T06:30:07+00:00 ERROR Authentication failed
2023-06-20T06:30:09+00:00 ERROR Authentication failed
2023-06-20T06:30:25+00:00 ERROR Authentication failed
2023-06-20T06:30:28+00:00 ERROR Authentication failed
2023-06-20T06:30:30+00:00 ERROR Authentication failed
2023-06-20T06:30:36+00:00 ERROR Authentication failed
2023-06-20T06:44:17+00:00 ERROR Authentication failed
2023-06-20T06:45:34+00:00 ERROR Authentication failed
2023-06-20T06:45:35+00:00 ERROR Authentication failed
2023-06-20T06:46:28+00:00 ERROR Authentication failed
2023-06-20T06:47:12+00:00 ERROR Authentication failed
2023-06-20T06:47:17+00:00 ERROR Authentication failed
2023-06-20T06:47:53+00:00 ERROR Authentication failed
2023-06-20T06:49:51+00:00 ERROR Authentication failed
2023-06-20T06:50:05+00:00 ERROR Authentication failed
2023-06-20T06:52:06+00:00 ERROR Authentication failed
2023-06-20T06:52:08+00:00 ERROR Authentication failed
2023-06-20T06:52:20+00:00 ERROR Authentication failed
2023-06-20T06:52:29+00:00 ERROR Authentication failed
2023-06-20T06:53:07+00:00 ERROR Authentication failed
2023-06-20T06:57:38+00:00 ERROR Authentication failed
2023-06-20T07:02:37+00:00 ERROR Authentication failed
2023-06-20T07:03:23+00:00 ERROR Authentication failed
2023-06-20T07:05:26+00:00 ERROR Authentication failed
2023-06-20T07:05:33+00:00 ERROR Authentication failed
2023-06-20T07:05:37+00:00 ERROR Authentication failed
2023-06-20T07:16:00+00:00 ERROR Authentication failed
2023-06-20T07:16:01+00:00 ERROR Authentication failed
2023-06-20T08:47:09+00:00 ERROR Authentication failed
2023-06-20T08:47:43+00:00 ERROR Authentication failed
2023-06-20T08:47:49+00:00 ERROR Authentication failed
2023-06-20T08:48:30+00:00 ERROR Authentication failed
2023-06-20T08:48:33+00:00 ERROR Authentication failed
2023-06-20T08:48:45+00:00 ERROR Authentication failed
2023-06-20T08:49:10+00:00 ERROR Authentication failed
2023-06-20T08:49:17+00:00 ERROR Authentication failed
2023-06-20T08:49:18+00:00 ERROR Authentication failed
2023-06-20T08:50:06+00:00 ERROR Authentication failed
2023-06-20T08:50:46+00:00 ERROR Authentication failed
2023-06-20T08:52:48+00:00 ERROR Authentication failed
2023-06-20T08:52:49+00:00 ERROR Authentication failed
2023-06-20T08:52:50+00:00 ERROR Authentication failed
2023-06-20T08:52:54+00:00 ERROR Authentication failed
2023-06-20T08:53:59+00:00 ERROR Authentication failed
2023-06-20T08:53:59+00:00 ERROR Authentication failed
2023-06-20T08:54:00+00:00 ERROR Authentication failed
2023-06-20T09:00:17+00:00 ERROR Authentication failed
2023-06-20T09:00:21+00:00 ERROR Authentication failed
2023-06-20T09:00:24+00:00 ERROR Authentication failed
2023-06-20T09:01:18+00:00 ERROR Authentication failed
2023-06-20T09:01:19+00:00 ERROR Authentication failed
2023-06-20T09:03:45+00:00 ERROR Authentication failed
2023-06-20T09:03:48+00:00 ERROR Authentication failed
2023-06-20T09:03:51+00:00 ERROR Authentication failed
2023-06-20T09:04:00+00:00 ERROR Authentication failed
2023-06-20T09:04:01+00:00 ERROR Authentication failed
2023-06-20T09:05:57+00:00 ERROR Authentication failed
2023-06-20T09:05:58+00:00 ERROR Authentication failed
2023-06-20T09:06:29+00:00 ERROR Authentication failed
2023-06-20T09:06:41+00:00 ERROR Authentication failed
2023-06-20T09:08:05+00:00 ERROR Authentication failed
2023-06-20T09:09:44+00:00 ERROR Authentication failed
2023-06-20T09:10:23+00:00 ERROR Authentication failed
2023-06-20T09:10:32+00:00 ERROR Authentication failed
2023-06-20T09:12:01+00:00 ERROR Authentication failed
2023-06-20T09:12:08+00:00 ERROR Authentication failed
2023-06-20T09:12:09+00:00 ERROR Authentication failed
2023-06-20T09:12:48+00:00 ERROR Authentication failed
2023-06-20T09:12:54+00:00 ERROR Authentication failed
2023-06-20T09:13:13+00:00 ERROR cURL error 6: name lookup timed out
2023-06-20T09:13:18+00:00 ERROR Authentication failed
2023-06-20T09:14:27+00:00 ERROR Authentication failed
2023-06-20T09:14:45+00:00 ERROR Authentication failed
2023-06-20T09:16:49+00:00 ERROR Authentication failed
2023-06-20T09:21:54+00:00 ERROR Authentication failed
2023-06-20T09:22:01+00:00 ERROR Authentication failed
2023-06-20T09:22:07+00:00 ERROR Authentication failed
2023-06-20T09:22:36+00:00 ERROR Authentication failed
2023-06-20T09:23:08+00:00 ERROR Authentication failed
2023-06-20T09:23:21+00:00 INFO Trying to create one_cc_address_sync_cron
2023-06-20T09:23:21+00:00 INFO Failed to create one_cc_address_sync_cron as invalid one cc merchant
2023-06-20T09:23:21+00:00 INFO Attempting to delete one_cc_address_sync_cron, status: cancelled, message: invalid_1cc_merchant
2023-06-20T09:23:21+00:00 INFO Deleted one_cc_address_sync_cron  if exists
2023-06-20T09:23:21+00:00 INFO updateAddressSyncCronData: status=cancelled, message=invalid_1cc_merchant, cronStatus=deleted
2023-06-20T09:23:27+00:00 ERROR Authentication failed
2023-06-20T09:23:30+00:00 ERROR Authentication failed
2023-06-20T09:23:40+00:00 ERROR Authentication failed
2023-06-20T10:26:17+00:00 ERROR Authentication failed
2023-06-20T10:26:58+00:00 ERROR Authentication failed
2023-06-20T10:29:42+00:00 ERROR Authentication failed
2023-06-20T10:32:48+00:00 ERROR Authentication failed
2023-06-20T10:36:15+00:00 ERROR Authentication failed
2023-06-20T10:37:35+00:00 ERROR Authentication failed
2023-06-20T10:39:37+00:00 ERROR Authentication failed
2023-06-20T10:39:37+00:00 ERROR Authentication failed
2023-06-20T10:39:50+00:00 ERROR Authentication failed
2023-06-20T10:39:53+00:00 ERROR Authentication failed
2023-06-20T10:40:01+00:00 ERROR Authentication failed
2023-06-20T10:40:02+00:00 ERROR Authentication failed
2023-06-20T10:41:14+00:00 ERROR Authentication failed
2023-06-20T10:41:15+00:00 ERROR Authentication failed
2023-06-20T10:45:14+00:00 ERROR Authentication failed
2023-06-20T10:45:15+00:00 ERROR Authentication failed
2023-06-20T10:45:37+00:00 ERROR Authentication failed
2023-06-20T10:46:47+00:00 ERROR Authentication failed
2023-06-20T10:47:03+00:00 ERROR Authentication failed
2023-06-20T10:47:47+00:00 ERROR Authentication failed
2023-06-20T10:48:01+00:00 ERROR Authentication failed
2023-06-20T10:48:25+00:00 ERROR Authentication failed
2023-06-20T10:49:34+00:00 ERROR Authentication failed
2023-06-20T10:50:27+00:00 ERROR Authentication failed
2023-06-20T10:54:00+00:00 ERROR Authentication failed
2023-06-20T10:59:14+00:00 ERROR Authentication failed
2023-06-20T10:59:39+00:00 ERROR Authentication failed
2023-06-20T11:02:19+00:00 ERROR Authentication failed
2023-06-20T11:03:23+00:00 ERROR Authentication failed
2023-06-20T11:03:35+00:00 ERROR Authentication failed
2023-06-20T11:12:02+00:00 ERROR Authentication failed
2023-06-20T11:12:07+00:00 ERROR Authentication failed
2023-06-20T11:12:10+00:00 ERROR Authentication failed
2023-06-20T11:13:34+00:00 ERROR Authentication failed
2023-06-20T11:13:54+00:00 ERROR Authentication failed
2023-06-20T11:13:55+00:00 ERROR Authentication failed
2023-06-20T17:38:18+00:00 INFO Trying to create one_cc_address_sync_cron
2023-06-20T17:38:18+00:00 INFO Failed to create one_cc_address_sync_cron as invalid one cc merchant
2023-06-20T17:38:18+00:00 INFO Attempting to delete one_cc_address_sync_cron, status: cancelled, message: invalid_1cc_merchant
2023-06-20T17:38:18+00:00 INFO Deleted one_cc_address_sync_cron  if exists
2023-06-20T17:38:18+00:00 INFO updateAddressSyncCronData: status=cancelled, message=invalid_1cc_merchant, cronStatus=deleted
2023-06-20T17:46:16+00:00 ERROR Authentication failed
2023-06-20T17:46:25+00:00 ERROR Authentication failed
2023-06-20T17:52:27+00:00 ERROR Authentication failed
2023-06-20T17:52:35+00:00 ERROR Authentication failed
2023-06-20T17:58:41+00:00 ERROR Authentication failed
2023-06-20T17:59:39+00:00 ERROR cURL error 6: name lookup timed out
2023-06-20T17:59:47+00:00 ERROR Authentication failed
2023-06-20T17:59:49+00:00 ERROR Authentication failed
2023-06-20T18:00:22+00:00 ERROR Authentication failed
2023-06-20T18:00:26+00:00 ERROR Authentication failed
2023-06-20T18:00:56+00:00 ERROR Authentication failed
2023-06-20T18:01:06+00:00 ERROR Authentication failed
2023-06-20T18:02:19+00:00 ERROR Authentication failed
2023-06-20T18:02:21+00:00 ERROR Authentication failed
2023-06-20T18:02:25+00:00 ERROR Authentication failed
2023-06-20T18:03:02+00:00 ERROR Authentication failed
2023-06-20T18:03:17+00:00 ERROR Authentication failed
2023-06-20T18:03:18+00:00 ERROR Authentication failed
2023-06-20T18:05:02+00:00 ERROR Authentication failed
2023-06-20T18:05:09+00:00 ERROR Authentication failed
2023-06-20T18:05:10+00:00 ERROR Authentication failed
2023-06-20T18:05:50+00:00 ERROR Authentication failed
2023-06-20T18:05:52+00:00 ERROR Authentication failed
2023-06-20T18:08:23+00:00 INFO Called process_payment with params order_id 371
2023-06-20T18:08:23+00:00 INFO Set transient with key razorpay_wc_order_id params order_id 371
2023-06-20T18:08:24+00:00 ERROR Key Id and Key Secret are required.
2023-06-20T18:08:24+00:00 INFO getRazorpayPaymentParams 371
2023-06-20T18:08:24+00:00 INFO createOrGetRazorpayOrderId 371 and is1ccCheckout is set to no
2023-06-20T18:08:24+00:00 INFO Called createOrGetRazorpayOrderId with params orderId 371 and is_magic_checkout_order is set to no
2023-06-20T18:08:24+00:00 INFO razorpayOrderId  | sessionKey razorpay_order_id371
2023-06-20T18:08:24+00:00 INFO Called createRazorpayOrderId with params orderId 371 and sessionKey razorpay_order_id371
2023-06-20T18:08:24+00:00 INFO Called getOrderCreationData with params orderId 371
2023-06-20T18:08:24+00:00 INFO Called getOrderCreationData with params orderId 371 and is1ccOrder is set to no
2023-06-20T18:08:24+00:00 INFO For order 371
2023-06-20T18:08:24+00:00 INFO {"receipt":371,"amount":600000,"currency":"INR","payment_capture":1,"app_offer":0,"notes":{"woocommerce_order_number":"371"}}
2023-06-20T18:10:44+00:00 ERROR Authentication failed
2023-06-20T18:10:51+00:00 ERROR Authentication failed
2023-06-20T18:11:54+00:00 ERROR Authentication failed
2023-06-20T18:12:33+00:00 ERROR Authentication failed
2023-06-20T18:16:17+00:00 ERROR Authentication failed
2023-06-20T18:22:43+00:00 ERROR Authentication failed
2023-06-20T18:27:19+00:00 ERROR Authentication failed
2023-06-20T18:28:11+00:00 ERROR Authentication failed
2023-06-20T18:28:14+00:00 ERROR Authentication failed
2023-06-20T18:28:47+00:00 ERROR Authentication failed
2023-06-20T18:29:04+00:00 ERROR Authentication failed
2023-06-20T18:33:01+00:00 ERROR Authentication failed
2023-06-20T18:33:09+00:00 ERROR Authentication failed
2023-06-20T18:33:16+00:00 ERROR Authentication failed
2023-06-20T18:33:53+00:00 ERROR Authentication failed
2023-06-20T18:33:53+00:00 ERROR Authentication failed
2023-06-20T18:33:59+00:00 ERROR Authentication failed
2023-06-20T18:34:15+00:00 ERROR Authentication failed
2023-06-20T18:34:16+00:00 ERROR Authentication failed
2023-06-20T18:34:28+00:00 ERROR Authentication failed
2023-06-20T18:34:50+00:00 ERROR Authentication failed
2023-06-20T18:36:42+00:00 ERROR Authentication failed
2023-06-20T18:37:06+00:00 ERROR Authentication failed
2023-06-20T18:37:30+00:00 ERROR Authentication failed
2023-06-20T18:37:36+00:00 ERROR Authentication failed
2023-06-20T18:39:41+00:00 ERROR Authentication failed
2023-06-20T18:40:27+00:00 ERROR Authentication failed
2023-06-20T18:41:30+00:00 ERROR Authentication failed
2023-06-20T18:44:07+00:00 ERROR Authentication failed
2023-06-20T18:44:07+00:00 ERROR Authentication failed
2023-06-20T18:44:15+00:00 ERROR Authentication failed
2023-06-20T18:45:05+00:00 ERROR Authentication failed
2023-06-20T18:45:09+00:00 ERROR Authentication failed
2023-06-20T18:45:11+00:00 ERROR Authentication failed
2023-06-20T18:45:37+00:00 ERROR Authentication failed
2023-06-20T18:45:38+00:00 ERROR Authentication failed
2023-06-20T18:46:10+00:00 ERROR Authentication failed
2023-06-20T18:46:15+00:00 ERROR Authentication failed
2023-06-20T18:46:29+00:00 ERROR Authentication failed
2023-06-20T18:46:36+00:00 ERROR Authentication failed
2023-06-20T18:46:41+00:00 ERROR Authentication failed
2023-06-20T18:46:53+00:00 ERROR Authentication failed
2023-06-20T18:48:28+00:00 ERROR Authentication failed
2023-06-20T18:48:49+00:00 ERROR Authentication failed
2023-06-20T18:49:00+00:00 ERROR Authentication failed
2023-06-20T18:50:56+00:00 ERROR Authentication failed
2023-06-20T18:51:10+00:00 ERROR Authentication failed
2023-06-20T18:51:26+00:00 ERROR Authentication failed
2023-06-20T18:52:05+00:00 ERROR Authentication failed
2023-06-20T18:52:07+00:00 ERROR Authentication failed
2023-06-20T18:52:16+00:00 ERROR Authentication failed
2023-06-20T18:52:36+00:00 ERROR Authentication failed
2023-06-20T18:53:33+00:00 ERROR Authentication failed
2023-06-20T18:54:04+00:00 ERROR Authentication failed
2023-06-20T18:54:15+00:00 ERROR Authentication failed
2023-06-20T18:59:38+00:00 ERROR Authentication failed
2023-06-20T19:00:58+00:00 ERROR Authentication failed
2023-06-20T19:05:44+00:00 ERROR Authentication failed
2023-06-20T19:06:02+00:00 ERROR Authentication failed
2023-06-20T19:06:03+00:00 ERROR Authentication failed
2023-06-20T19:06:09+00:00 ERROR Authentication failed
2023-06-20T19:06:28+00:00 ERROR Authentication failed
2023-06-20T19:09:58+00:00 ERROR Authentication failed
