2023-06-19T13:28:27+00:00 INFO Trying to create one_cc_address_sync_cron
2023-06-19T13:28:27+00:00 INFO Failed to create one_cc_address_sync_cron as invalid one cc merchant
2023-06-19T13:28:27+00:00 INFO Attempting to delete one_cc_address_sync_cron, status: cancelled, message: invalid_1cc_merchant
2023-06-19T13:28:27+00:00 INFO Deleted one_cc_address_sync_cron  if exists
2023-06-19T13:28:27+00:00 INFO updateAddressSyncCronData: status=cancelled, message=invalid_1cc_merchant, cronStatus=deleted
2023-06-19T13:56:01+00:00 ERROR Authentication failed
2023-06-19T14:03:10+00:00 ERROR Authentication failed
2023-06-19T14:03:37+00:00 ERROR Authentication failed
2023-06-19T14:03:49+00:00 ERROR Authentication failed
2023-06-19T14:13:18+00:00 ERROR Authentication failed
2023-06-19T14:13:44+00:00 ERROR Authentication failed
2023-06-19T14:18:00+00:00 ERROR Authentication failed
2023-06-19T14:18:05+00:00 ERROR Authentication failed
2023-06-19T14:18:28+00:00 ERROR Authentication failed
2023-06-19T14:18:29+00:00 ERROR Authentication failed
2023-06-19T14:19:20+00:00 ERROR Authentication failed
2023-06-19T14:19:24+00:00 ERROR Authentication failed
2023-06-19T14:23:33+00:00 ERROR Authentication failed
2023-06-19T14:23:44+00:00 ERROR Authentication failed
2023-06-19T15:00:47+00:00 ERROR Authentication failed
2023-06-19T15:00:48+00:00 ERROR Authentication failed
2023-06-19T17:56:30+00:00 ERROR Authentication failed
2023-06-19T17:56:40+00:00 ERROR Authentication failed
2023-06-19T17:56:59+00:00 ERROR Authentication failed
2023-06-19T17:57:08+00:00 ERROR Authentication failed
2023-06-19T17:58:26+00:00 ERROR Authentication failed
2023-06-19T18:02:11+00:00 ERROR Authentication failed
2023-06-19T18:30:06+00:00 ERROR Authentication failed
2023-06-19T18:30:11+00:00 ERROR Authentication failed
2023-06-19T18:30:19+00:00 ERROR Authentication failed
2023-06-19T18:30:20+00:00 ERROR Authentication failed
2023-06-19T18:30:31+00:00 ERROR Authentication failed
2023-06-19T18:31:56+00:00 ERROR Authentication failed
2023-06-19T18:32:49+00:00 ERROR Authentication failed
2023-06-19T18:33:53+00:00 ERROR Authentication failed
2023-06-19T18:33:54+00:00 ERROR Authentication failed
2023-06-19T18:34:01+00:00 ERROR Authentication failed
2023-06-19T18:34:08+00:00 ERROR Authentication failed
2023-06-19T18:34:15+00:00 ERROR Authentication failed
2023-06-19T19:26:33+00:00 ERROR Authentication failed
2023-06-19T19:28:08+00:00 ERROR Authentication failed
2023-06-19T19:28:09+00:00 ERROR Authentication failed
2023-06-19T20:01:27+00:00 ERROR Authentication failed
2023-06-19T20:08:13+00:00 ERROR Authentication failed
2023-06-19T20:08:14+00:00 ERROR Authentication failed
2023-06-19T20:08:41+00:00 ERROR Authentication failed
2023-06-19T20:08:42+00:00 ERROR Authentication failed
2023-06-19T20:08:43+00:00 ERROR Authentication failed
2023-06-19T20:08:44+00:00 ERROR Authentication failed
2023-06-19T20:08:45+00:00 ERROR Authentication failed
2023-06-19T20:08:46+00:00 ERROR Authentication failed
2023-06-19T20:12:28+00:00 ERROR Authentication failed
2023-06-19T20:28:40+00:00 ERROR Authentication failed
2023-06-19T20:32:40+00:00 ERROR Authentication failed
2023-06-19T20:33:11+00:00 ERROR Authentication failed
2023-06-19T20:33:12+00:00 ERROR Authentication failed
2023-06-19T20:33:13+00:00 ERROR Authentication failed
