2023-06-15T10:42:31+00:00 ERROR Key Id and Key Secret are required.
2023-06-15T10:42:31+00:00 INFO Trying to create one_cc_address_sync_cron
2023-06-15T10:42:31+00:00 INFO Failed to create one_cc_address_sync_cron as invalid one cc merchant
2023-06-15T10:42:31+00:00 INFO Attempting to delete one_cc_address_sync_cron, status: cancelled, message: invalid_1cc_merchant
2023-06-15T10:42:31+00:00 INFO Deleted one_cc_address_sync_cron  if exists
2023-06-15T10:42:31+00:00 INFO updateAddressSyncCronData: status=cancelled, message=invalid_1cc_merchant, cronStatus=deleted
2023-06-15T10:42:31+00:00 INFO updateAddressSyncCronData:530 - Updating option: ONE_CC_ADDRESS_SYNC_CRON_HOOK
2023-06-15T10:42:31+00:00 INFO updateAddressSyncCronData:532 -  Successfully Updated Option: ONE_CC_ADDRESS_SYNC_CRON_HOOK
2023-06-15T10:42:31+00:00 ERROR The api key provided is invalid
2023-06-15T10:43:48+00:00 ERROR The api key provided is invalid
2023-06-15T10:44:17+00:00 ERROR The api key provided is invalid
2023-06-15T10:44:24+00:00 ERROR The api key provided is invalid
2023-06-15T10:44:30+00:00 ERROR The api key provided is invalid
2023-06-15T10:45:08+00:00 ERROR The api key provided is invalid
2023-06-15T10:45:13+00:00 ERROR The api key provided is invalid
2023-06-15T10:45:17+00:00 ERROR The api key provided is invalid
2023-06-15T10:47:10+00:00 ERROR The api key provided is invalid
2023-06-15T10:47:15+00:00 ERROR The api key provided is invalid
2023-06-15T10:52:32+00:00 ERROR The api key provided is invalid
2023-06-15T10:58:22+00:00 ERROR Authentication failed
2023-06-15T10:58:32+00:00 ERROR Authentication failed
2023-06-15T10:58:39+00:00 ERROR Authentication failed
2023-06-15T10:58:47+00:00 ERROR Authentication failed
2023-06-15T11:00:03+00:00 ERROR Authentication failed
2023-06-15T11:04:31+00:00 ERROR Authentication failed
2023-06-15T11:05:21+00:00 ERROR Authentication failed
2023-06-15T11:06:15+00:00 ERROR Authentication failed
2023-06-15T11:06:28+00:00 ERROR Authentication failed
2023-06-15T11:06:29+00:00 ERROR Authentication failed
2023-06-15T11:07:10+00:00 ERROR Authentication failed
2023-06-15T11:07:23+00:00 ERROR Authentication failed
2023-06-15T11:07:24+00:00 ERROR Authentication failed
2023-06-15T11:07:35+00:00 ERROR Authentication failed
2023-06-15T11:07:36+00:00 ERROR Authentication failed
