2023-06-30T07:40:02+00:00 ERROR cURL error 6: name lookup timed out
2023-06-30T07:40:21+00:00 ERROR Authentication failed
2023-06-30T07:40:32+00:00 ERROR Authentication failed
2023-06-30T07:41:59+00:00 ERROR cURL error 6: name lookup timed out
2023-06-30T07:42:39+00:00 ERROR Authentication failed
2023-06-30T07:42:40+00:00 ERROR Authentication failed
2023-06-30T07:42:58+00:00 ERROR cURL error 6: name lookup timed out
2023-06-30T07:55:12+00:00 ERROR Authentication failed
2023-06-30T07:55:25+00:00 ERROR cURL error 6: name lookup timed out
2023-06-30T07:58:56+00:00 ERROR Authentication failed
2023-06-30T07:59:50+00:00 ERROR Authentication failed
2023-06-30T08:00:30+00:00 ERROR Authentication failed
2023-06-30T08:01:04+00:00 ERROR Authentication failed
2023-06-30T08:01:09+00:00 ERROR Authentication failed
2023-06-30T08:01:09+00:00 INFO Trying to create one_cc_address_sync_cron
2023-06-30T08:01:09+00:00 INFO Failed to create one_cc_address_sync_cron as invalid one cc merchant
2023-06-30T08:01:09+00:00 INFO Attempting to delete one_cc_address_sync_cron, status: cancelled, message: invalid_1cc_merchant
2023-06-30T08:01:09+00:00 INFO Deleted one_cc_address_sync_cron  if exists
2023-06-30T08:01:09+00:00 INFO updateAddressSyncCronData: status=cancelled, message=invalid_1cc_merchant, cronStatus=deleted
2023-06-30T08:03:33+00:00 ERROR Authentication failed
2023-06-30T08:04:44+00:00 ERROR Authentication failed
2023-06-30T08:04:53+00:00 ERROR Authentication failed
2023-06-30T08:05:48+00:00 INFO Trying to create one_cc_address_sync_cron
2023-06-30T08:05:48+00:00 INFO Failed to create one_cc_address_sync_cron as invalid one cc merchant
2023-06-30T08:05:48+00:00 INFO Attempting to delete one_cc_address_sync_cron, status: cancelled, message: invalid_1cc_merchant
2023-06-30T08:05:48+00:00 INFO Deleted one_cc_address_sync_cron  if exists
2023-06-30T08:05:48+00:00 INFO updateAddressSyncCronData: status=cancelled, message=invalid_1cc_merchant, cronStatus=deleted
2023-06-30T08:06:54+00:00 ERROR cURL error 6: name lookup timed out
2023-06-30T08:06:56+00:00 ERROR cURL error 28: Operation timed out after 10000 milliseconds with 0 out of 0 bytes received
2023-06-30T08:07:42+00:00 ERROR cURL error 28: Operation timed out after 10001 milliseconds with 0 out of 0 bytes received
2023-06-30T08:07:59+00:00 ERROR Authentication failed
2023-06-30T08:08:02+00:00 ERROR Authentication failed
2023-06-30T08:13:35+00:00 INFO Trying to create one_cc_address_sync_cron
2023-06-30T08:13:35+00:00 INFO Failed to create one_cc_address_sync_cron as invalid one cc merchant
2023-06-30T08:13:35+00:00 INFO Attempting to delete one_cc_address_sync_cron, status: cancelled, message: invalid_1cc_merchant
2023-06-30T08:13:35+00:00 INFO Deleted one_cc_address_sync_cron  if exists
2023-06-30T08:13:35+00:00 INFO updateAddressSyncCronData: status=cancelled, message=invalid_1cc_merchant, cronStatus=deleted
2023-06-30T08:15:47+00:00 ERROR Authentication failed
2023-06-30T08:16:04+00:00 ERROR Authentication failed
2023-06-30T08:16:21+00:00 ERROR Authentication failed
2023-06-30T08:17:10+00:00 ERROR Authentication failed
2023-06-30T08:17:19+00:00 ERROR Authentication failed
2023-06-30T08:17:19+00:00 INFO Trying to create one_cc_address_sync_cron
2023-06-30T08:17:19+00:00 INFO Failed to create one_cc_address_sync_cron as invalid one cc merchant
2023-06-30T08:17:19+00:00 INFO Attempting to delete one_cc_address_sync_cron, status: cancelled, message: invalid_1cc_merchant
2023-06-30T08:17:19+00:00 INFO Deleted one_cc_address_sync_cron  if exists
2023-06-30T08:17:19+00:00 INFO updateAddressSyncCronData: status=cancelled, message=invalid_1cc_merchant, cronStatus=deleted
2023-06-30T08:17:51+00:00 ERROR Authentication failed
2023-06-30T08:18:14+00:00 ERROR Authentication failed
2023-06-30T08:18:33+00:00 ERROR Authentication failed
2023-06-30T08:18:50+00:00 ERROR cURL error 6: name lookup timed out
2023-06-30T08:19:31+00:00 ERROR Authentication failed
2023-06-30T08:19:40+00:00 ERROR Authentication failed
2023-06-30T08:20:06+00:00 ERROR Authentication failed
2023-06-30T08:20:11+00:00 INFO Trying to create one_cc_address_sync_cron
2023-06-30T08:20:11+00:00 INFO Failed to create one_cc_address_sync_cron as invalid one cc merchant
2023-06-30T08:20:11+00:00 INFO Attempting to delete one_cc_address_sync_cron, status: cancelled, message: invalid_1cc_merchant
2023-06-30T08:20:11+00:00 INFO Deleted one_cc_address_sync_cron  if exists
2023-06-30T08:20:11+00:00 INFO updateAddressSyncCronData: status=cancelled, message=invalid_1cc_merchant, cronStatus=deleted
2023-06-30T08:20:14+00:00 ERROR Authentication failed
2023-06-30T08:20:44+00:00 ERROR Authentication failed
2023-06-30T08:21:40+00:00 ERROR Authentication failed
2023-06-30T08:21:48+00:00 ERROR Authentication failed
2023-06-30T08:26:57+00:00 INFO Trying to create one_cc_address_sync_cron
2023-06-30T08:26:57+00:00 INFO Failed to create one_cc_address_sync_cron as invalid one cc merchant
2023-06-30T08:26:57+00:00 INFO Attempting to delete one_cc_address_sync_cron, status: cancelled, message: invalid_1cc_merchant
2023-06-30T08:26:57+00:00 INFO Deleted one_cc_address_sync_cron  if exists
2023-06-30T08:26:57+00:00 INFO updateAddressSyncCronData: status=cancelled, message=invalid_1cc_merchant, cronStatus=deleted
2023-06-30T08:34:39+00:00 ERROR cURL error 6: name lookup timed out
2023-06-30T08:34:52+00:00 ERROR Authentication failed
2023-06-30T08:36:50+00:00 INFO Trying to create one_cc_address_sync_cron
2023-06-30T08:36:50+00:00 INFO Failed to create one_cc_address_sync_cron as invalid one cc merchant
2023-06-30T08:36:50+00:00 INFO Attempting to delete one_cc_address_sync_cron, status: cancelled, message: invalid_1cc_merchant
2023-06-30T08:36:50+00:00 INFO Deleted one_cc_address_sync_cron  if exists
2023-06-30T08:36:50+00:00 INFO updateAddressSyncCronData: status=cancelled, message=invalid_1cc_merchant, cronStatus=deleted
2023-06-30T08:37:01+00:00 ERROR Authentication failed
2023-06-30T08:37:21+00:00 ERROR cURL error 6: name lookup timed out
2023-06-30T08:37:25+00:00 ERROR Authentication failed
2023-06-30T08:38:31+00:00 INFO Trying to create one_cc_address_sync_cron
2023-06-30T08:38:31+00:00 INFO Failed to create one_cc_address_sync_cron as invalid one cc merchant
2023-06-30T08:38:31+00:00 INFO Attempting to delete one_cc_address_sync_cron, status: cancelled, message: invalid_1cc_merchant
2023-06-30T08:38:31+00:00 INFO Deleted one_cc_address_sync_cron  if exists
2023-06-30T08:38:31+00:00 INFO updateAddressSyncCronData: status=cancelled, message=invalid_1cc_merchant, cronStatus=deleted
2023-06-30T08:43:42+00:00 ERROR cURL error 6: name lookup timed out
2023-06-30T08:43:43+00:00 ERROR cURL error 6: name lookup timed out
2023-06-30T09:05:10+00:00 ERROR Authentication failed
2023-06-30T09:10:25+00:00 ERROR Authentication failed
